<?xml version="1.0" encoding="UTF-8"?>
<!-- Generated by org.testng.reporters.JUnitXMLReporter -->
<testsuite hostname="DESKTOP-F2KGTUH" name="Default test" tests="3" failures="0" timestamp="12 Jun 2020 13:45:49 GMT" time="136.269" errors="0">
  <testcase name="HomePageTC001_verifyNavigationlinks" time="1.324" classname="com.test.uiAutomation.MasherqDigital.HomePage.HomePageTestCases"/>
  <testcase name="HomePageTC002_ClickNavlink" time="0.636" classname="com.test.uiAutomation.MasherqDigital.HomePage.HomePageTestCases"/>
  <testcase name="HomePageTC003_ClicTooltiplink" time="0.608" classname="com.test.uiAutomation.MasherqDigital.HomePage.HomePageTestCases"/>
</testsuite> <!-- Default test -->
