<?xml version="1.0" encoding="UTF-8"?>
<!-- Generated by org.testng.reporters.JUnitXMLReporter -->
<testsuite hostname="DESKTOP-F2KGTUH" name="HomePageTest" tests="7" failures="0" timestamp="12 Jun 2020 13:54:42 GMT" time="411.527" errors="0">
  <testcase name="HomePageTC001_verifyNavigationlinks" time="1.449" classname="com.test.uiAutomation.MasherqDigital.HomePage.HomePageTestCases"/>
  <testcase name="HomePageTC002_ClickNavlink" time="0.79" classname="com.test.uiAutomation.MasherqDigital.HomePage.HomePageTestCases"/>
  <testcase name="HomePageTC003_ClicTooltiplink" time="0.736" classname="com.test.uiAutomation.MasherqDigital.HomePage.HomePageTestCases"/>
  <testcase name="ContactPageTC001_verifyPhoneNumberField" time="0.545" classname="com.test.uiAutomation.MasherqDigital.ContactPage.ContactPageFieldValidationTestCases"/>
  <testcase name="ContactPageTC002_verify_Iamlookingto" time="0.49" classname="com.test.uiAutomation.MasherqDigital.ContactPage.ContactPageFieldValidationTestCases"/>
  <testcase name="ContactPageTC003_verifyContactFormFields_validdata" time="0.451" classname="com.test.uiAutomation.MasherqDigital.ContactPage.ContactPageFieldValidationTestCases"/>
  <testcase name="verifyContactFormFields" time="0.902" classname="com.test.uiAutomation.MasherqDigital.ContactPage.ContactPageTestCases"/>
</testsuite> <!-- HomePageTest -->
